<?xml version="1.0" encoding="UTF-8"?>
<!-- Generated by org.testng.reporters.JUnitXMLReporter -->
<testsuite hostname="LAPTOP-1FN5KCAD" ignored="0"
	name="Googe chrome2" tests="8" failures="0"
	timestamp="12 Feb 2019 03:23:58 GMT" time="55.535" errors="0">
	<testcase name="Login" time="0.318"
		classname="TestCases.TestNavigationInternal" />
	<testcase name="BrandGuidelines" time="3.439"
		classname="TestCases.TestNavigationInternal" />
	<testcase name="RequestsPage" time="1.493"
		classname="TestCases.TestNavigationInternal" />
	<testcase name="MyProfilePage" time="28.049"
		classname="TestCases.TestNavigationInternal" />
	<testcase name="SelectSampleTags" time="0.346"
		classname="TestCases.TestNavigationInternal" />
	<testcase name="AdvanceSearchbutton" time="0.109"
		classname="TestCases.TestNavigationInternal" />
	<testcase name="NavigateQuickAccess" time="0.939"
		classname="TestCases.TestNavigationInternal" />
	<testcase name="FooterIcons" time="11.998"
		classname="TestCases.TestNavigationInternal" />
</testsuite> <!-- Googe chrome2 -->
