<?xml version="1.0" encoding="UTF-8"?>
<!-- Generated by org.testng.reporters.JUnitXMLReporter -->
<testsuite hostname="LAPTOP-1FN5KCAD" ignored="0"
	name="Google chrome3" tests="12" failures="0"
	timestamp="11 Apr 2019 03:07:40 GMT" time="52.184" errors="0">
	<testcase name="Login" time="2.81"
		classname="TestCases.NavigationCreatives" />
	<testcase name="UploadButton" time="0.652"
		classname="TestCases.NavigationCreatives" />
	<testcase name="BrowseButton" time="1.188"
		classname="TestCases.NavigationCreatives" />
	<testcase name="UsersPage" time="4.123"
		classname="TestCases.NavigationCreatives" />
	<testcase name="BrowseFilesPage" time="4.401"
		classname="TestCases.NavigationCreatives" />
	<testcase name="UploadAssetPage" time="3.867"
		classname="TestCases.NavigationCreatives" />
	<testcase name="ManageFoldersPage" time="4.771"
		classname="TestCases.NavigationCreatives" />
	<testcase name="ShareRequestPage" time="3.495"
		classname="TestCases.NavigationCreatives" />
	<testcase name="DownloadRequestsPage" time="4.475"
		classname="TestCases.NavigationCreatives" />
	<testcase name="CustomizationRequestPage" time="3.756"
		classname="TestCases.NavigationCreatives" />
	<testcase name="RejectedCustomizationPage" time="4.814"
		classname="TestCases.NavigationCreatives" />
	<testcase name="Logout" time="2.114"
		classname="TestCases.NavigationCreatives" />
</testsuite> <!-- Google chrome3 -->
