<?xml version="1.0" encoding="UTF-8"?>
<!-- Generated by org.testng.reporters.JUnitXMLReporter -->
<testsuite hostname="LAPTOP-1FN5KCAD" ignored="0"
	name="Googe chrome" tests="14" failures="0"
	timestamp="12 Feb 2019 03:23:02 GMT" time="38.954" errors="0">
	<testcase name="Login" time="0.346"
		classname="TestCases.TestNavigationAdmin" />
	<testcase name="SwitchtoInternalbutton" time="4.325"
		classname="TestCases.TestNavigationAdmin" />
	<testcase name="SwitchtoAdminbutton" time="3.06"
		classname="TestCases.TestNavigationAdmin" />
	<testcase name="UploadButton" time="0.096"
		classname="TestCases.TestNavigationAdmin" />
	<testcase name="BrowseButton" time="0.097"
		classname="TestCases.TestNavigationAdmin" />
	<testcase name="UsersPage" time="2.168"
		classname="TestCases.TestNavigationAdmin" />
	<testcase name="BrowseFilesPage" time="2.158"
		classname="TestCases.TestNavigationAdmin" />
	<testcase name="UploadAssetPage" time="2.154"
		classname="TestCases.TestNavigationAdmin" />
	<testcase name="ManageFoldersPage" time="2.168"
		classname="TestCases.TestNavigationAdmin" />
	<testcase name="ShareRequestPage" time="2.154"
		classname="TestCases.TestNavigationAdmin" />
	<testcase name="DownloadRequestsPage" time="2.17"
		classname="TestCases.TestNavigationAdmin" />
	<testcase name="CustomizationRequestPage" time="2.164"
		classname="TestCases.TestNavigationAdmin" />
	<testcase name="RejectedCustomizationPage" time="2.179"
		classname="TestCases.TestNavigationAdmin" />
	<testcase name="Logout" time="0.249"
		classname="TestCases.TestNavigationAdmin" />
</testsuite> <!-- Googe chrome -->
