<?xml version="1.0" encoding="UTF-8"?>
<!-- Generated by org.testng.reporters.JUnitXMLReporter -->
<testsuite hostname="LAPTOP-1FN5KCAD" ignored="0"
	name="Microsoft Edge" tests="14" failures="0"
	timestamp="18 Feb 2019 08:50:39 GMT" time="0.032" errors="0">
	<testcase name="@BeforeClass beforeTest" time="0.001"
		classname="TestCases.VariablesandBrowserParameters">
		<failure type="java.lang.NullPointerException">
      <![CDATA[java.lang.NullPointerException
at TestCases.VariablesandBrowserParameters.beforeTest(VariablesandBrowserParameters.java:138)
at java.util.concurrent.FutureTask.run(Unknown Source)
at java.util.concurrent.ThreadPoolExecutor.runWorker(Unknown Source)
at java.util.concurrent.ThreadPoolExecutor$Worker.run(Unknown Source)
at java.lang.Thread.run(Unknown Source)
... Removed 17 stack frames]]>
		</failure>
	</testcase> <!-- @BeforeClass beforeTest -->
	<testcase name="@AfterClass afterTest" time="0.0"
		classname="TestCases.TestNavigationAdmin">
		<skipped />
	</testcase> <!-- @AfterClass afterTest -->
	<testcase name="Login" time="0.0"
		classname="TestCases.TestNavigationAdmin">
		<skipped />
	</testcase> <!-- Login -->
	<testcase name="SwitchtoInternalbutton" time="0.0"
		classname="TestCases.TestNavigationAdmin">
		<skipped />
	</testcase> <!-- SwitchtoInternalbutton -->
	<testcase name="SwitchtoAdminbutton" time="0.0"
		classname="TestCases.TestNavigationAdmin">
		<skipped />
	</testcase> <!-- SwitchtoAdminbutton -->
	<testcase name="UploadButton" time="0.0"
		classname="TestCases.TestNavigationAdmin">
		<skipped />
	</testcase> <!-- UploadButton -->
	<testcase name="BrowseButton" time="0.0"
		classname="TestCases.TestNavigationAdmin">
		<skipped />
	</testcase> <!-- BrowseButton -->
	<testcase name="UsersPage" time="0.0"
		classname="TestCases.TestNavigationAdmin">
		<skipped />
	</testcase> <!-- UsersPage -->
	<testcase name="BrowseFilesPage" time="0.0"
		classname="TestCases.TestNavigationAdmin">
		<skipped />
	</testcase> <!-- BrowseFilesPage -->
	<testcase name="UploadAssetPage" time="0.0"
		classname="TestCases.TestNavigationAdmin">
		<skipped />
	</testcase> <!-- UploadAssetPage -->
	<testcase name="ManageFoldersPage" time="0.0"
		classname="TestCases.TestNavigationAdmin">
		<skipped />
	</testcase> <!-- ManageFoldersPage -->
	<testcase name="ShareRequestPage" time="0.0"
		classname="TestCases.TestNavigationAdmin">
		<skipped />
	</testcase> <!-- ShareRequestPage -->
	<testcase name="DownloadRequestsPage" time="0.0"
		classname="TestCases.TestNavigationAdmin">
		<skipped />
	</testcase> <!-- DownloadRequestsPage -->
	<testcase name="CustomizationRequestPage" time="0.0"
		classname="TestCases.TestNavigationAdmin">
		<skipped />
	</testcase> <!-- CustomizationRequestPage -->
	<testcase name="RejectedCustomizationPage" time="0.0"
		classname="TestCases.TestNavigationAdmin">
		<skipped />
	</testcase> <!-- RejectedCustomizationPage -->
	<testcase name="Logout" time="0.0"
		classname="TestCases.TestNavigationAdmin">
		<skipped />
	</testcase> <!-- Logout -->
</testsuite> <!-- Microsoft Edge -->
